<?xml version="1.0" encoding="UTF-8"?>
<testsuite name="AppleTest" tests="1" skipped="0" failures="0" errors="0" timestamp="2024-09-28T17:06:18" hostname="MacBook-Air.local" time="1.185">
  <properties/>
  <testcase name="checkHrefArticle()" classname="AppleTest" time="1.185"/>
  <system-out><![CDATA[]]></system-out>
  <system-err><![CDATA[SLF4J(W): No SLF4J providers were found.
SLF4J(W): Defaulting to no-operation (NOP) logger implementation
SLF4J(W): See https://www.slf4j.org/codes.html#noProviders for further details.
сент. 28, 2024 8:06:19 PM org.openqa.selenium.devtools.CdpVersionFinder findNearestMatch
WARNING: Unable to find an exact match for CDP version 129, returning the closest version; found: 128; Please update to a Selenium version that supports CDP version 129
]]></system-err>
</testsuite>
